<?xml version="1.0" encoding="UTF-8"?>
<!-- Generated by org.testng.reporters.JUnitReportReporter -->
<testsuite skipped="0" hostname="DESKTOP-R4ROKKV" name="test.AddCategoryTest" tests="1" failures="0" timestamp="03 Jul 2021 16:14:18 GMT" time="5.538" errors="0">
  <testcase name="UserShouldBeAbleToAddCategory" time="5.538" classname="test.AddCategoryTest"/>
</testsuite> <!-- test.AddCategoryTest -->
