<?xml version="1.0" encoding="UTF-8"?>
<!-- Generated by org.testng.reporters.JUnitReportReporter -->
<testsuite skipped="0" hostname="DESKTOP-R4ROKKV" name="test.NssTodoListTest" tests="1" failures="0" timestamp="28 Jun 2021 15:06:37 GMT" time="6.191" errors="0">
  <testcase name="UserShouldBeAbleToClickOnToogleAllCheckBox" time="6.191" classname="test.NssTodoListTest"/>
</testsuite> <!-- test.NssTodoListTest -->
